<?xml version="1.0" encoding="UTF-8"?>
<testsuite xmlns:xsi="http://www.w3.org/2001/XMLSchema-instance" xsi:noNamespaceSchemaLocation="https://maven.apache.org/surefire/maven-surefire-plugin/xsd/surefire-test-report.xsd" name="com.dht.category.CategoryTester" time="0.595" tests="1" errors="0" skipped="0" failures="0">
  <properties>
    <property name="java.specification.version" value="14"/>
    <property name="sun.jnu.encoding" value="UTF-8"/>
    <property name="java.class.path" value="/Users/duonghuuthanh/Desktop/DHTHANH_DOCS/Kiem_thu_phan_mem/demo/JavaFXSaleApp/FXEnglishApp/target/test-classes:/Users/duonghuuthanh/.m2/repository/org/openjfx/javafx-controls/13/javafx-controls-13.jar:/Users/duonghuuthanh/.m2/repository/org/openjfx/javafx-graphics/13/javafx-graphics-13.jar:/Users/duonghuuthanh/.m2/repository/org/openjfx/javafx-base/13/javafx-base-13.jar:/Users/duonghuuthanh/.m2/repository/org/openjfx/javafx-fxml/13/javafx-fxml-13.jar:/Users/duonghuuthanh/.m2/repository/mysql/mysql-connector-java/8.0.27/mysql-connector-java-8.0.27.jar:/Users/duonghuuthanh/.m2/repository/com/google/protobuf/protobuf-java/3.11.4/protobuf-java-3.11.4.jar:/Users/duonghuuthanh/.m2/repository/org/junit/jupiter/junit-jupiter-engine/5.8.1/junit-jupiter-engine-5.8.1.jar:/Users/duonghuuthanh/.m2/repository/org/junit/platform/junit-platform-engine/1.8.1/junit-platform-engine-1.8.1.jar:/Users/duonghuuthanh/.m2/repository/org/opentest4j/opentest4j/1.2.0/opentest4j-1.2.0.jar:/Users/duonghuuthanh/.m2/repository/org/junit/platform/junit-platform-commons/1.8.1/junit-platform-commons-1.8.1.jar:/Users/duonghuuthanh/.m2/repository/org/junit/jupiter/junit-jupiter-api/5.8.1/junit-jupiter-api-5.8.1.jar:/Users/duonghuuthanh/.m2/repository/org/apiguardian/apiguardian-api/1.1.2/apiguardian-api-1.1.2.jar:/Users/duonghuuthanh/.m2/repository/org/junit/jupiter/junit-jupiter-params/5.8.1/junit-jupiter-params-5.8.1.jar:"/>
    <property name="java.vm.vendor" value="Oracle Corporation"/>
    <property name="sun.arch.data.model" value="64"/>
    <property name="java.vendor.url" value="https://java.oracle.com/"/>
    <property name="os.name" value="Mac OS X"/>
    <property name="java.vm.specification.version" value="14"/>
    <property name="user.country" value="US"/>
    <property name="sun.java.launcher" value="SUN_STANDARD"/>
    <property name="sun.boot.library.path" value="/Library/Java/JavaVirtualMachines/jdk-14.0.2.jdk/Contents/Home/lib"/>
    <property name="sun.java.command" value="org.apache.maven.surefire.booter.ForkedBooter /Users/duonghuuthanh/Desktop/DHTHANH_DOCS/Kiem_thu_phan_mem/demo/JavaFXSaleApp/FXEnglishApp/target/surefire 2021-11-24T14-03-37_786-jvmRun1 surefire4194980451386266050tmp surefire_015817477473745919748tmp"/>
    <property name="http.nonProxyHosts" value="local|*.local|169.254/16|*.169.254/16"/>
    <property name="jdk.debug" value="release"/>
    <property name="test" value="com.dht.category.CategoryTester"/>
    <property name="surefire.test.class.path" value="/Users/duonghuuthanh/Desktop/DHTHANH_DOCS/Kiem_thu_phan_mem/demo/JavaFXSaleApp/FXEnglishApp/target/test-classes:/Users/duonghuuthanh/.m2/repository/org/openjfx/javafx-controls/13/javafx-controls-13.jar:/Users/duonghuuthanh/.m2/repository/org/openjfx/javafx-graphics/13/javafx-graphics-13.jar:/Users/duonghuuthanh/.m2/repository/org/openjfx/javafx-base/13/javafx-base-13.jar:/Users/duonghuuthanh/.m2/repository/org/openjfx/javafx-fxml/13/javafx-fxml-13.jar:/Users/duonghuuthanh/.m2/repository/mysql/mysql-connector-java/8.0.27/mysql-connector-java-8.0.27.jar:/Users/duonghuuthanh/.m2/repository/com/google/protobuf/protobuf-java/3.11.4/protobuf-java-3.11.4.jar:/Users/duonghuuthanh/.m2/repository/org/junit/jupiter/junit-jupiter-engine/5.8.1/junit-jupiter-engine-5.8.1.jar:/Users/duonghuuthanh/.m2/repository/org/junit/platform/junit-platform-engine/1.8.1/junit-platform-engine-1.8.1.jar:/Users/duonghuuthanh/.m2/repository/org/opentest4j/opentest4j/1.2.0/opentest4j-1.2.0.jar:/Users/duonghuuthanh/.m2/repository/org/junit/platform/junit-platform-commons/1.8.1/junit-platform-commons-1.8.1.jar:/Users/duonghuuthanh/.m2/repository/org/junit/jupiter/junit-jupiter-api/5.8.1/junit-jupiter-api-5.8.1.jar:/Users/duonghuuthanh/.m2/repository/org/apiguardian/apiguardian-api/1.1.2/apiguardian-api-1.1.2.jar:/Users/duonghuuthanh/.m2/repository/org/junit/jupiter/junit-jupiter-params/5.8.1/junit-jupiter-params-5.8.1.jar:"/>
    <property name="sun.cpu.endian" value="little"/>
    <property name="user.home" value="/Users/duonghuuthanh"/>
    <property name="user.language" value="en"/>
    <property name="java.specification.vendor" value="Oracle Corporation"/>
    <property name="jdk.module.path" value="/Users/duonghuuthanh/Desktop/DHTHANH_DOCS/Kiem_thu_phan_mem/demo/JavaFXSaleApp/FXEnglishApp/target/classes:/Users/duonghuuthanh/.m2/repository/org/openjfx/javafx-controls/13/javafx-controls-13-mac.jar:/Users/duonghuuthanh/.m2/repository/org/openjfx/javafx-graphics/13/javafx-graphics-13-mac.jar:/Users/duonghuuthanh/.m2/repository/org/openjfx/javafx-base/13/javafx-base-13-mac.jar:/Users/duonghuuthanh/.m2/repository/org/openjfx/javafx-fxml/13/javafx-fxml-13-mac.jar"/>
    <property name="java.version.date" value="2020-07-14"/>
    <property name="java.home" value="/Library/Java/JavaVirtualMachines/jdk-14.0.2.jdk/Contents/Home"/>
    <property name="file.separator" value="/"/>
    <property name="basedir" value="/Users/duonghuuthanh/Desktop/DHTHANH_DOCS/Kiem_thu_phan_mem/demo/JavaFXSaleApp/FXEnglishApp"/>
    <property name="java.vm.compressedOopsMode" value="Zero based"/>
    <property name="line.separator" value="&#10;"/>
    <property name="java.vm.specification.vendor" value="Oracle Corporation"/>
    <property name="java.specification.name" value="Java Platform API Specification"/>
    <property name="surefire.real.class.path" value="/Users/duonghuuthanh/.m2/repository/org/apache/maven/surefire/surefire-booter/2.22.2/surefire-booter-2.22.2.jar:/Users/duonghuuthanh/.m2/repository/org/apache/maven/surefire/surefire-api/2.22.2/surefire-api-2.22.2.jar:/Users/duonghuuthanh/.m2/repository/org/apache/maven/surefire/surefire-logger-api/2.22.2/surefire-logger-api-2.22.2.jar:/Users/duonghuuthanh/Desktop/DHTHANH_DOCS/Kiem_thu_phan_mem/demo/JavaFXSaleApp/FXEnglishApp/target/test-classes:/Users/duonghuuthanh/.m2/repository/org/openjfx/javafx-controls/13/javafx-controls-13.jar:/Users/duonghuuthanh/.m2/repository/org/openjfx/javafx-graphics/13/javafx-graphics-13.jar:/Users/duonghuuthanh/.m2/repository/org/openjfx/javafx-base/13/javafx-base-13.jar:/Users/duonghuuthanh/.m2/repository/org/openjfx/javafx-fxml/13/javafx-fxml-13.jar:/Users/duonghuuthanh/.m2/repository/mysql/mysql-connector-java/8.0.27/mysql-connector-java-8.0.27.jar:/Users/duonghuuthanh/.m2/repository/com/google/protobuf/protobuf-java/3.11.4/protobuf-java-3.11.4.jar:/Users/duonghuuthanh/.m2/repository/org/junit/jupiter/junit-jupiter-engine/5.8.1/junit-jupiter-engine-5.8.1.jar:/Users/duonghuuthanh/.m2/repository/org/junit/platform/junit-platform-engine/1.8.1/junit-platform-engine-1.8.1.jar:/Users/duonghuuthanh/.m2/repository/org/opentest4j/opentest4j/1.2.0/opentest4j-1.2.0.jar:/Users/duonghuuthanh/.m2/repository/org/junit/platform/junit-platform-commons/1.8.1/junit-platform-commons-1.8.1.jar:/Users/duonghuuthanh/.m2/repository/org/junit/jupiter/junit-jupiter-api/5.8.1/junit-jupiter-api-5.8.1.jar:/Users/duonghuuthanh/.m2/repository/org/apiguardian/apiguardian-api/1.1.2/apiguardian-api-1.1.2.jar:/Users/duonghuuthanh/.m2/repository/org/junit/jupiter/junit-jupiter-params/5.8.1/junit-jupiter-params-5.8.1.jar:/Users/duonghuuthanh/.m2/repository/org/apache/maven/surefire/surefire-junit-platform/2.22.2/surefire-junit-platform-2.22.2.jar:/Users/duonghuuthanh/.m2/repository/org/junit/platform/junit-platform-launcher/1.3.1/junit-platform-launcher-1.3.1.jar"/>
    <property name="sun.management.compiler" value="HotSpot 64-Bit Tiered Compilers"/>
    <property name="ftp.nonProxyHosts" value="local|*.local|169.254/16|*.169.254/16"/>
    <property name="java.runtime.version" value="14.0.2+12-46"/>
    <property name="user.name" value="duonghuuthanh"/>
    <property name="path.separator" value=":"/>
    <property name="os.version" value="10.16"/>
    <property name="java.runtime.name" value="Java(TM) SE Runtime Environment"/>
    <property name="file.encoding" value="UTF-8"/>
    <property name="java.vm.name" value="Java HotSpot(TM) 64-Bit Server VM"/>
    <property name="maven.ext.class.path" value="/Applications/NetBeans/Apache NetBeans 12.1.app/Contents/Resources/NetBeans/netbeans/java/maven-nblib/netbeans-eventspy.jar"/>
    <property name="localRepository" value="/Users/duonghuuthanh/.m2/repository"/>
    <property name="java.vendor.url.bug" value="https://bugreport.java.com/bugreport/"/>
    <property name="java.io.tmpdir" value="/var/folders/0b/kkhtm0gd3tx385pw7d_1_6ch0000gp/T/"/>
    <property name="java.version" value="14.0.2"/>
    <property name="user.dir" value="/Users/duonghuuthanh/Desktop/DHTHANH_DOCS/Kiem_thu_phan_mem/demo/JavaFXSaleApp/FXEnglishApp"/>
    <property name="os.arch" value="x86_64"/>
    <property name="java.vm.specification.name" value="Java Virtual Machine Specification"/>
    <property name="java.library.path" value="/Users/duonghuuthanh/Library/Java/Extensions:/Library/Java/Extensions:/Network/Library/Java/Extensions:/System/Library/Java/Extensions:/usr/lib/java:."/>
    <property name="java.vm.info" value="mixed mode"/>
    <property name="java.vendor" value="Oracle Corporation"/>
    <property name="java.vm.version" value="14.0.2+12-46"/>
    <property name="sun.io.unicode.encoding" value="UnicodeBig"/>
    <property name="socksNonProxyHosts" value="local|*.local|169.254/16|*.169.254/16"/>
    <property name="java.class.version" value="58.0"/>
  </properties>
  <testcase name="testUnique" classname="com.dht.category.CategoryTester" time="0.046"/>
</testsuite>